<?xml version="1.0" encoding="UTF-8"?>
<!-- Generated by org.testng.reporters.JUnitXMLReporter -->
<testsuite ignored="2" hostname="Azamkhujas-MBP" failures="0" tests="7" name="/Users/codewithazam/Desktop/Azam/SeleniumReview/TestNGReview" time="0.06" errors="0" timestamp="2022-08-03T14:59:00 EDT">
  <testcase classname="com.codewithazam.lesson02.EnableAndDisable" name="secondTest" time="0.005"/>
  <testcase classname="com.codewithazam.lesson02.EnableAndDisable" name="fourthTest" time="0.0"/>
  <testcase classname="com.codewithazam.lesson02.PriorityDemo" name="fifthTest" time="0.0"/>
  <testcase classname="com.codewithazam.lesson02.PriorityDemo" name="firstTest" time="0.001"/>
  <testcase classname="com.codewithazam.lesson02.PriorityDemo" name="thirdTest" time="0.001"/>
  <testcase classname="com.codewithazam.lesson02.PriorityDemo" name="secondTest" time="0.001"/>
  <testcase classname="com.codewithazam.lesson02.PriorityDemo" name="fourthTest" time="0.0"/>
  <testcase classname="com.codewithazam.lesson02.EnableAndDisable" name="thirdTest" time="0.0">
    <ignored/>
  </testcase> <!-- thirdTest -->
  <testcase classname="com.codewithazam.lesson02.EnableAndDisable" name="firstTest" time="0.0">
    <ignored/>
  </testcase> <!-- firstTest -->
</testsuite> <!-- /Users/codewithazam/Desktop/Azam/SeleniumReview/TestNGReview -->
