<?xml version="1.0" encoding="UTF-8"?>
<!-- Generated by org.testng.reporters.JUnitXMLReporter -->
<testsuite ignored="0" hostname="Azamkhujas-MBP" failures="0" tests="8" name="/Users/codewithazam/Desktop/Azam/SeleniumReview/TestNGReview/src/com/codewithazam/lesson02/PriorityDemo.java" time="0.084" errors="0" timestamp="2022-08-03T15:01:33 EDT">
  <testcase classname="com.codewithazam.lesson02.PriorityDemo" name="fifthTest" time="0.004"/>
  <testcase classname="com.codewithazam.lesson02.PriorityDemo" name="firstTest" time="0.0"/>
  <testcase classname="com.codewithazam.lesson02.PriorityDemo" name="thirdTest" time="0.0"/>
  <testcase classname="com.codewithazam.lesson02.PriorityDemo" name="secondTest" time="0.0"/>
  <testcase classname="com.codewithazam.lesson02.PriorityDemo" name="fourthTest" time="0.001"/>
  <testcase classname="com.codewithazam.lesson01.TestNGDemo" name="testOne" time="0.001"/>
  <testcase classname="com.codewithazam.lesson01.TestNGDemo" name="testThree" time="0.004"/>
  <testcase classname="com.codewithazam.lesson01.TestNGDemo" name="testTwo" time="0.0"/>
</testsuite> <!-- /Users/codewithazam/Desktop/Azam/SeleniumReview/TestNGReview/src/com/codewithazam/lesson02/PriorityDemo.java -->
