<?xml version="1.0" encoding="UTF-8"?>
<testng-results ignored="0" total="3" passed="3" failed="0" skipped="0">
  <reporter-output>
  </reporter-output>
  <suite started-at="2022-08-02T20:22:09 EDT" name="Default Suite" finished-at="2022-08-02T20:22:30 EDT" duration-ms="20872">
    <groups>
    </groups>
    <test started-at="2022-08-02T20:22:09 EDT" name="SeleniumReview" finished-at="2022-08-02T20:22:30 EDT" duration-ms="20872">
      <class name="com.codewithazam.lesson01.TitleAndLoginValidation">
        <test-method is-config="true" signature="openAndNavigate()[pri:0, instance:com.codewithazam.lesson01.TitleAndLoginValidation@51399530]" started-at="2022-08-02T20:22:09 EDT" name="openAndNavigate" finished-at="2022-08-02T20:22:17 EDT" duration-ms="7694" status="PASS">
          <reporter-output>
          </reporter-output>
        </test-method> <!-- openAndNavigate -->
        <test-method signature="loginValidation()[pri:0, instance:com.codewithazam.lesson01.TitleAndLoginValidation@51399530]" started-at="2022-08-02T20:22:17 EDT" name="loginValidation" finished-at="2022-08-02T20:22:20 EDT" duration-ms="2919" status="PASS">
          <reporter-output>
          </reporter-output>
        </test-method> <!-- loginValidation -->
        <test-method is-config="true" signature="quitBrowser()[pri:0, instance:com.codewithazam.lesson01.TitleAndLoginValidation@51399530]" started-at="2022-08-02T20:22:20 EDT" name="quitBrowser" finished-at="2022-08-02T20:22:20 EDT" duration-ms="116" status="PASS">
          <reporter-output>
          </reporter-output>
        </test-method> <!-- quitBrowser -->
        <test-method is-config="true" signature="openAndNavigate()[pri:0, instance:com.codewithazam.lesson01.TitleAndLoginValidation@51399530]" started-at="2022-08-02T20:22:20 EDT" name="openAndNavigate" finished-at="2022-08-02T20:22:25 EDT" duration-ms="4894" status="PASS">
          <reporter-output>
          </reporter-output>
        </test-method> <!-- openAndNavigate -->
        <test-method signature="logoValidation()[pri:0, instance:com.codewithazam.lesson01.TitleAndLoginValidation@51399530]" started-at="2022-08-02T20:22:25 EDT" name="logoValidation" finished-at="2022-08-02T20:22:25 EDT" duration-ms="170" status="PASS">
          <reporter-output>
          </reporter-output>
        </test-method> <!-- logoValidation -->
        <test-method is-config="true" signature="quitBrowser()[pri:0, instance:com.codewithazam.lesson01.TitleAndLoginValidation@51399530]" started-at="2022-08-02T20:22:25 EDT" name="quitBrowser" finished-at="2022-08-02T20:22:25 EDT" duration-ms="114" status="PASS">
          <reporter-output>
          </reporter-output>
        </test-method> <!-- quitBrowser -->
        <test-method is-config="true" signature="openAndNavigate()[pri:0, instance:com.codewithazam.lesson01.TitleAndLoginValidation@51399530]" started-at="2022-08-02T20:22:25 EDT" name="openAndNavigate" finished-at="2022-08-02T20:22:30 EDT" duration-ms="4751" status="PASS">
          <reporter-output>
          </reporter-output>
        </test-method> <!-- openAndNavigate -->
        <test-method signature="titleValidation()[pri:0, instance:com.codewithazam.lesson01.TitleAndLoginValidation@51399530]" started-at="2022-08-02T20:22:30 EDT" name="titleValidation" finished-at="2022-08-02T20:22:30 EDT" duration-ms="34" status="PASS">
          <reporter-output>
          </reporter-output>
        </test-method> <!-- titleValidation -->
        <test-method is-config="true" signature="quitBrowser()[pri:0, instance:com.codewithazam.lesson01.TitleAndLoginValidation@51399530]" started-at="2022-08-02T20:22:30 EDT" name="quitBrowser" finished-at="2022-08-02T20:22:30 EDT" duration-ms="114" status="PASS">
          <reporter-output>
          </reporter-output>
        </test-method> <!-- quitBrowser -->
      </class> <!-- com.codewithazam.lesson01.TitleAndLoginValidation -->
    </test> <!-- SeleniumReview -->
  </suite> <!-- Default Suite -->
</testng-results>
