<?xml version="1.0" encoding="UTF-8"?>
<testng-results ignored="3" total="4" passed="1" failed="0" skipped="0">
  <reporter-output>
  </reporter-output>
  <suite started-at="2022-08-03T17:33:58 EDT" name="Suite" finished-at="2022-08-03T17:33:58 EDT" duration-ms="73">
    <groups>
      <group name="regression">
        <method signature="GroupsDemo.test2()[pri:0, instance:com.codewithazam.lesson03.GroupsDemo@4562e04d]" name="test2" class="com.codewithazam.lesson03.GroupsDemo"/>
      </group> <!-- regression -->
      <group name="smoke">
        <method signature="GroupsDemo.test2()[pri:0, instance:com.codewithazam.lesson03.GroupsDemo@4562e04d]" name="test2" class="com.codewithazam.lesson03.GroupsDemo"/>
      </group> <!-- smoke -->
      <group name="sanity">
        <method signature="GroupsDemo.test2()[pri:0, instance:com.codewithazam.lesson03.GroupsDemo@4562e04d]" name="test2" class="com.codewithazam.lesson03.GroupsDemo"/>
      </group> <!-- sanity -->
    </groups>
    <test started-at="2022-08-03T17:33:58 EDT" name="GroupsDemo" finished-at="2022-08-03T17:33:58 EDT" duration-ms="73">
      <class name="com.codewithazam.lesson03.GroupsDemo">
        <test-method signature="test2()[pri:0, instance:com.codewithazam.lesson03.GroupsDemo@4562e04d]" started-at="2022-08-03T17:33:58 EDT" name="test2" finished-at="2022-08-03T17:33:58 EDT" duration-ms="6" status="PASS">
          <reporter-output>
          </reporter-output>
        </test-method> <!-- test2 -->
      </class> <!-- com.codewithazam.lesson03.GroupsDemo -->
    </test> <!-- GroupsDemo -->
  </suite> <!-- Suite -->
</testng-results>
