<?xml version="1.0" encoding="UTF-8"?>
<!-- Generated by org.testng.reporters.JUnitXMLReporter -->
<testsuite ignored="3" hostname="Azamkhujas-MBP" failures="0" tests="1" name="GroupsDemo" time="0.073" errors="0" timestamp="2022-08-03T17:33:58 EDT">
  <testcase classname="com.codewithazam.lesson03.GroupsDemo" name="test2" time="0.006"/>
  <testcase classname="com.codewithazam.lesson03.GroupsDemo" name="test1" time="0.0">
    <ignored/>
  </testcase> <!-- test1 -->
  <testcase classname="com.codewithazam.lesson03.GroupsDemo" name="test4" time="0.0">
    <ignored/>
  </testcase> <!-- test4 -->
  <testcase classname="com.codewithazam.lesson03.GroupsDemo" name="test3" time="0.0">
    <ignored/>
  </testcase> <!-- test3 -->
</testsuite> <!-- GroupsDemo -->
