<?xml version="1.0" encoding="UTF-8"?>
<!-- Generated by org.testng.reporters.JUnitXMLReporter -->
<testsuite ignored="0" hostname="Azamkhujas-MBP" failures="0" tests="3" name="SeleniumReview" time="20.872" errors="0" timestamp="2022-08-02T20:22:30 EDT">
  <testcase classname="com.codewithazam.lesson01.TitleAndLoginValidation" name="loginValidation" time="2.919"/>
  <testcase classname="com.codewithazam.lesson01.TitleAndLoginValidation" name="logoValidation" time="0.17"/>
  <testcase classname="com.codewithazam.lesson01.TitleAndLoginValidation" name="titleValidation" time="0.034"/>
</testsuite> <!-- SeleniumReview -->
